SF:lib/src/models/user_model.dart
DA:11,1
DA:20,1
DA:28,1
DA:29,1
DA:30,0
DA:31,1
DA:32,1
DA:33,1
DA:34,1
DA:38,1
DA:39,1
DA:40,1
DA:41,1
DA:42,1
DA:43,1
DA:44,1
DA:45,1
DA:49,1
DA:50,1
DA:51,1
DA:52,1
DA:53,1
DA:54,1
DA:55,1
DA:56,1
DA:60,3
DA:62,1
DA:63,2
DA:65,1
DA:67,7
DA:70,1
DA:74,0
DA:75,0
DA:76,0
DA:77,0
DA:78,0
DA:79,0
DA:80,0
DA:83,1
DA:85,3
DA:86,3
DA:87,3
DA:88,3
DA:89,3
DA:90,2
LF:45
LH:37
end_of_record
SF:lib/src/modules/authentication/repositories/auth_repository_firebase.dart
DA:6,1
DA:10,1
DA:17,2
DA:22,3
DA:23,3
DA:25,2
DA:27,2
DA:30,1
DA:35,2
DA:42,1
DA:46,2
DA:49,1
DA:51,2
DA:54,1
DA:55,2
DA:57,1
DA:59,3
DA:62,1
DA:64,3
DA:67,1
DA:69,3
LF:21
LH:21
end_of_record
