SF:lib/src/models/user_model.dart
DA:11,2
DA:20,1
DA:28,1
DA:29,1
DA:30,0
DA:31,1
DA:32,1
DA:33,1
DA:34,1
DA:38,2
DA:39,2
DA:40,2
DA:41,2
DA:42,2
DA:43,2
DA:44,2
DA:45,2
DA:49,2
DA:50,2
DA:51,2
DA:52,2
DA:53,2
DA:54,2
DA:55,2
DA:56,2
DA:60,3
DA:62,1
DA:63,2
DA:65,1
DA:67,7
DA:70,1
DA:74,0
DA:75,0
DA:76,0
DA:77,0
DA:78,0
DA:79,0
DA:80,0
DA:83,1
DA:85,3
DA:86,3
DA:87,3
DA:88,3
DA:89,3
DA:90,2
LF:45
LH:37
end_of_record
SF:lib/src/models/app_error_model.dart
DA:6,1
DA:11,0
DA:15,0
DA:16,0
DA:17,0
DA:21,0
DA:22,0
DA:23,0
DA:24,0
DA:28,0
DA:29,0
DA:30,0
DA:31,0
DA:35,0
DA:37,0
DA:38,0
DA:40,0
DA:42,0
DA:44,0
DA:48,0
DA:49,0
DA:50,0
DA:53,0
DA:54,0
LF:24
LH:1
end_of_record
SF:lib/src/repositories/user_repository_firebase.dart
DA:9,1
DA:11,1
DA:19,1
DA:28,3
DA:34,1
DA:37,3
DA:39,2
DA:40,1
DA:42,1
DA:44,2
DA:49,1
DA:55,1
DA:60,3
DA:62,2
DA:63,1
DA:65,1
DA:67,5
DA:71,1
DA:74,0
DA:79,0
DA:81,0
DA:82,0
DA:84,0
DA:86,0
DA:90,0
DA:93,1
DA:98,3
DA:100,2
DA:101,1
DA:103,1
DA:105,5
DA:109,1
DA:112,0
DA:115,0
DA:117,0
DA:118,0
DA:120,0
DA:122,0
DA:126,0
LF:39
LH:25
end_of_record
SF:lib/src/modules/authentication/repositories/auth_repository_firebase.dart
DA:6,1
DA:10,1
DA:17,2
DA:22,3
DA:23,3
DA:25,2
DA:27,2
DA:30,1
DA:35,2
DA:42,1
DA:46,2
DA:49,1
DA:51,2
DA:54,1
DA:55,2
DA:57,1
DA:59,3
DA:62,1
DA:64,3
DA:67,1
DA:69,3
LF:21
LH:21
end_of_record
